18:35:56 **** Build of project FFT_Butterfly_Microblaze_App_bsp ****
make -k all 
"Running Make include in microblaze_0/libsrc/bram_v4_2/src"
make -C microblaze_0/libsrc/bram_v4_2/src -s include  "SHELL=CMD" "COMPILER=mb-gcc" "ARCHIVER=mb-ar" "COMPILER_FLAGS=  -O2 -c -mcpu=v11.0 -mlittle-endian -mxl-soft-mul" "EXTRA_COMPILER_FLAGS=-ffunction-sections -fdata-sections -Wall -Wextra"
"Running Make include in microblaze_0/libsrc/cpu_v2_8/src"
make -C microblaze_0/libsrc/cpu_v2_8/src -s include  "SHELL=CMD" "COMPILER=mb-gcc" "ARCHIVER=mb-ar" "COMPILER_FLAGS=  -O2 -c -mcpu=v11.0 -mlittle-endian -mxl-soft-mul" "EXTRA_COMPILER_FLAGS=-ffunction-sections -fdata-sections -Wall -Wextra"
"Running Make include in microblaze_0/libsrc/FFT_Butterfly_Axi_Lite_v1_0/src"
make -C microblaze_0/libsrc/FFT_Butterfly_Axi_Lite_v1_0/src -s include  "SHELL=CMD" "COMPILER=mb-gcc" "ARCHIVER=mb-ar" "COMPILER_FLAGS=  -O2 -c -mcpu=v11.0 -mlittle-endian -mxl-soft-mul" "EXTRA_COMPILER_FLAGS=-ffunction-sections -fdata-sections -Wall -Wextra"
"Running Make include in microblaze_0/libsrc/standalone_v6_8/src"
make -C microblaze_0/libsrc/standalone_v6_8/src -s include  "SHELL=CMD" "COMPILER=mb-gcc" "ARCHIVER=mb-ar" "COMPILER_FLAGS=  -O2 -c -mcpu=v11.0 -mlittle-endian -mxl-soft-mul" "EXTRA_COMPILER_FLAGS=-ffunction-sections -fdata-sections -Wall -Wextra"
"Running Make libs in microblaze_0/libsrc/bram_v4_2/src"
make -C microblaze_0/libsrc/bram_v4_2/src -s libs  "SHELL=CMD" "COMPILER=mb-gcc" "ARCHIVER=mb-ar" "COMPILER_FLAGS=  -O2 -c -mcpu=v11.0 -mlittle-endian -mxl-soft-mul" "EXTRA_COMPILER_FLAGS=-ffunction-sections -fdata-sections -Wall -Wextra"
"Compiling bram"
mb-ar: creating ../../../lib/libxil.a
"Running Make libs in microblaze_0/libsrc/cpu_v2_8/src"
make -C microblaze_0/libsrc/cpu_v2_8/src -s libs  "SHELL=CMD" "COMPILER=mb-gcc" "ARCHIVER=mb-ar" "COMPILER_FLAGS=  -O2 -c -mcpu=v11.0 -mlittle-endian -mxl-soft-mul" "EXTRA_COMPILER_FLAGS=-ffunction-sections -fdata-sections -Wall -Wextra"
"Compiling cpu"
"Running Make libs in microblaze_0/libsrc/FFT_Butterfly_Axi_Lite_v1_0/src"
make -C microblaze_0/libsrc/FFT_Butterfly_Axi_Lite_v1_0/src -s libs  "SHELL=CMD" "COMPILER=mb-gcc" "ARCHIVER=mb-ar" "COMPILER_FLAGS=  -O2 -c -mcpu=v11.0 -mlittle-endian -mxl-soft-mul" "EXTRA_COMPILER_FLAGS=-ffunction-sections -fdata-sections -Wall -Wextra"
"Compiling FFT_Butterfly_Axi_Lite..."
FFT_Butterfly_Axi_Lite_selftest.c: In function 'FFT_BUTTERFLY_AXI_LITE_Reg_SelfTest':
FFT_Butterfly_Axi_Lite_selftest.c:52:71: warning: comparison between signed and unsigned integer expressions [-Wsign-compare]
    if ( FFT_BUTTERFLY_AXI_LITE_mReadReg (baseaddr, read_loop_index*4) != (read_loop_index+1)*READ_WRITE_MUL_FACTOR){
                                                                       ^~
FFT_Butterfly_Axi_Lite_selftest.c:36:6: warning: unused variable 'Index' [-Wunused-variable]
  int Index;
      ^~~~~
"Running Make libs in microblaze_0/libsrc/standalone_v6_8/src"
make -C microblaze_0/libsrc/standalone_v6_8/src -s libs  "SHELL=CMD" "COMPILER=mb-gcc" "ARCHIVER=mb-ar" "COMPILER_FLAGS=  -O2 -c -mcpu=v11.0 -mlittle-endian -mxl-soft-mul" "EXTRA_COMPILER_FLAGS=-ffunction-sections -fdata-sections -Wall -Wextra"
"Compiling standalone";
inbyte.c: In function 'inbyte':
inbyte.c:11:1: warning: control reaches end of non-void function [-Wreturn-type]
 }
 ^
outbyte.c: In function 'outbyte':
outbyte.c:11:19: warning: unused parameter 'c' [-Wunused-parameter]
 void outbyte(char c) {
                   ^
microblaze_sleep.c:77:9: note: #pragma message: For the sleep routines, assembly instructions are used
 #pragma message ("For the sleep routines, assembly instructions are used")
         ^~~~~~~
'Finished building libraries'

**** Build of configuration Debug for project FFT_Butterfly_Microblaze_App ****

Nothing to build for project FFT_Butterfly_Microblaze_App

****  of configuration Debug for project FFT_Butterfly_Microblaze_App ****

Nothing to build for project FFT_Butterfly_Microblaze_App

****  of configuration Debug for project FFT_Butterfly_Microblaze_App ****

Nothing to build for project FFT_Butterfly_Microblaze_App

**** Build of configuration Debug for project FFT_Butterfly_Microblaze_App ****

Nothing to build for project FFT_Butterfly_Microblaze_App

****  of configuration Debug for project FFT_Butterfly_Microblaze_App ****

Nothing to build for project FFT_Butterfly_Microblaze_App
18:36:53 **** Auto Build of configuration Debug for project FFT_Butterfly_Microblaze_App ****
make all 
'Building file: ../src/main.c'
'Invoking: MicroBlaze gcc compiler'
mb-gcc -Wall -O0 -g3 -c -fmessage-length=0 -MT"src/main.o" -I../../FFT_Butterfly_Microblaze_App_bsp/microblaze_0/include -mlittle-endian -mcpu=v11.0 -mxl-soft-mul -Wl,--no-relax -ffunction-sections -fdata-sections -MMD -MP -MF"src/main.d" -MT"src/main.o" -o "src/main.o" "../src/main.c"
'Finished building: ../src/main.c'
' '
'Building target: FFT_Butterfly_Microblaze_App.elf'
'Invoking: MicroBlaze gcc linker'
mb-gcc -Wl,-T -Wl,../src/lscript.ld -L../../FFT_Butterfly_Microblaze_App_bsp/microblaze_0/lib -mlittle-endian -mcpu=v11.0 -mxl-soft-mul -Wl,--no-relax -Wl,--gc-sections -o "FFT_Butterfly_Microblaze_App.elf"  ./src/main.o   -Wl,--start-group,-lxil,-lgcc,-lc,--end-group
e:/vivado_2018_3/sdk/2018.3/gnu/microblaze/nt/bin/../lib/gcc/microblaze-xilinx-elf/7.3.1/../../../../microblaze-xilinx-elf/lib/le/crtinit.o: In function `_crtinit':
(.text+0x78): undefined reference to `main'
collect2.exe: error: ld returned 1 exit status
make: *** [makefile:38: FFT_Butterfly_Microblaze_App.elf] Error 1
18:36:57 **** Auto Build of configuration Debug for project FFT_Butterfly_Microblaze_App ****
make all 
'Building file: ../src/main.c'
'Invoking: MicroBlaze gcc compiler'
mb-gcc -Wall -O0 -g3 -c -fmessage-length=0 -MT"src/main.o" -I../../FFT_Butterfly_Microblaze_App_bsp/microblaze_0/include -mlittle-endian -mcpu=v11.0 -mxl-soft-mul -Wl,--no-relax -ffunction-sections -fdata-sections -MMD -MP -MF"src/main.d" -MT"src/main.o" -o "src/main.o" "../src/main.c"
../src/main.c: In function 'main':
../src/main.c:19:10: warning: variable 'Data_Output' set but not used [-Wunused-but-set-variable]
  int32_t Data_Output[16];
          ^~~~~~~~~~~
../src/main.c:17:6: warning: unused variable 'result' [-Wunused-variable]
  u32 result;
      ^~~~~~
../src/main.c: At top level:
../src/main.c:37:13: error: expected '=', ',', ';', 'asm' or '__attribute__' before 'on'
  *  Created on: 12.06.2021
             ^~
../src/main.c:37:17: error: too many decimal points in number
  *  Created on: 12.06.2021
                 ^~~~~~~~~~
make: *** [src/subdir.mk:23: src/main.o] Error 1
18:37:05 **** Auto Build of configuration Debug for project FFT_Butterfly_Microblaze_App ****
make all 
'Building file: ../src/main.c'
'Invoking: MicroBlaze gcc compiler'
mb-gcc -Wall -O0 -g3 -c -fmessage-length=0 -MT"src/main.o" -I../../FFT_Butterfly_Microblaze_App_bsp/microblaze_0/include -mlittle-endian -mcpu=v11.0 -mxl-soft-mul -Wl,--no-relax -ffunction-sections -fdata-sections -MMD -MP -MF"src/main.d" -MT"src/main.o" -o "src/main.o" "../src/main.c"
../src/main.c: In function 'main':
../src/main.c:19:10: warning: variable 'Data_Output' set but not used [-Wunused-but-set-variable]
  int32_t Data_Output[16];
          ^~~~~~~~~~~
../src/main.c:17:6: warning: unused variable 'result' [-Wunused-variable]
  u32 result;
      ^~~~~~
'Finished building: ../src/main.c'
' '
'Building target: FFT_Butterfly_Microblaze_App.elf'
'Invoking: MicroBlaze gcc linker'
mb-gcc -Wl,-T -Wl,../src/lscript.ld -L../../FFT_Butterfly_Microblaze_App_bsp/microblaze_0/lib -mlittle-endian -mcpu=v11.0 -mxl-soft-mul -Wl,--no-relax -Wl,--gc-sections -o "FFT_Butterfly_Microblaze_App.elf"  ./src/main.o   -Wl,--start-group,-lxil,-lgcc,-lc,--end-group
'Finished building target: FFT_Butterfly_Microblaze_App.elf'
' '
'Invoking: MicroBlaze Print Size'
mb-size FFT_Butterfly_Microblaze_App.elf  |tee "FFT_Butterfly_Microblaze_App.elf.size"
   text	   data	    bss	    dec	    hex	filename
   2448	    268	   3108	   5824	   16c0	FFT_Butterfly_Microblaze_App.elf
'Finished building: FFT_Butterfly_Microblaze_App.elf.size'
' '
18:37:08 **** Auto Build of configuration Debug for project FFT_Butterfly_Microblaze_App ****
make all 
make: Nothing to be done for 'all'.
18:37:12 **** Incremental Build of configuration Debug for project FFT_Butterfly_Microblaze_App ****
make all 
make: Nothing to be done for 'all'.
11:37:55 **** Auto Build of project FFT_Butterfly_Microblaze_App_bsp ****
make -k all 
"Running Make include in microblaze_0/libsrc/bram_v4_2/src"
make -C microblaze_0/libsrc/bram_v4_2/src -s include  "SHELL=CMD" "COMPILER=mb-gcc" "ARCHIVER=mb-ar" "COMPILER_FLAGS=  -O2 -c -mcpu=v11.0 -mlittle-endian -mxl-soft-mul" "EXTRA_COMPILER_FLAGS=-ffunction-sections -fdata-sections -Wall -Wextra"
"Running Make include in microblaze_0/libsrc/cpu_v2_8/src"
make -C microblaze_0/libsrc/cpu_v2_8/src -s include  "SHELL=CMD" "COMPILER=mb-gcc" "ARCHIVER=mb-ar" "COMPILER_FLAGS=  -O2 -c -mcpu=v11.0 -mlittle-endian -mxl-soft-mul" "EXTRA_COMPILER_FLAGS=-ffunction-sections -fdata-sections -Wall -Wextra"
"Running Make include in microblaze_0/libsrc/FFT_Butterfly_Axi_Lite_v1_0/src"
make -C microblaze_0/libsrc/FFT_Butterfly_Axi_Lite_v1_0/src -s include  "SHELL=CMD" "COMPILER=mb-gcc" "ARCHIVER=mb-ar" "COMPILER_FLAGS=  -O2 -c -mcpu=v11.0 -mlittle-endian -mxl-soft-mul" "EXTRA_COMPILER_FLAGS=-ffunction-sections -fdata-sections -Wall -Wextra"
"Running Make include in microblaze_0/libsrc/standalone_v6_8/src"
make -C microblaze_0/libsrc/standalone_v6_8/src -s include  "SHELL=CMD" "COMPILER=mb-gcc" "ARCHIVER=mb-ar" "COMPILER_FLAGS=  -O2 -c -mcpu=v11.0 -mlittle-endian -mxl-soft-mul" "EXTRA_COMPILER_FLAGS=-ffunction-sections -fdata-sections -Wall -Wextra"
"Running Make libs in microblaze_0/libsrc/bram_v4_2/src"
make -C microblaze_0/libsrc/bram_v4_2/src -s libs  "SHELL=CMD" "COMPILER=mb-gcc" "ARCHIVER=mb-ar" "COMPILER_FLAGS=  -O2 -c -mcpu=v11.0 -mlittle-endian -mxl-soft-mul" "EXTRA_COMPILER_FLAGS=-ffunction-sections -fdata-sections -Wall -Wextra"
"Compiling bram"
"Running Make libs in microblaze_0/libsrc/cpu_v2_8/src"
make -C microblaze_0/libsrc/cpu_v2_8/src -s libs  "SHELL=CMD" "COMPILER=mb-gcc" "ARCHIVER=mb-ar" "COMPILER_FLAGS=  -O2 -c -mcpu=v11.0 -mlittle-endian -mxl-soft-mul" "EXTRA_COMPILER_FLAGS=-ffunction-sections -fdata-sections -Wall -Wextra"
"Compiling cpu"
"Running Make libs in microblaze_0/libsrc/FFT_Butterfly_Axi_Lite_v1_0/src"
make -C microblaze_0/libsrc/FFT_Butterfly_Axi_Lite_v1_0/src -s libs  "SHELL=CMD" "COMPILER=mb-gcc" "ARCHIVER=mb-ar" "COMPILER_FLAGS=  -O2 -c -mcpu=v11.0 -mlittle-endian -mxl-soft-mul" "EXTRA_COMPILER_FLAGS=-ffunction-sections -fdata-sections -Wall -Wextra"
"Compiling FFT_Butterfly_Axi_Lite..."
FFT_Butterfly_Axi_Lite_selftest.c: In function 'FFT_BUTTERFLY_AXI_LITE_Reg_SelfTest':
FFT_Butterfly_Axi_Lite_selftest.c:52:71: warning: comparison between signed and unsigned integer expressions [-Wsign-compare]
    if ( FFT_BUTTERFLY_AXI_LITE_mReadReg (baseaddr, read_loop_index*4) != (read_loop_index+1)*READ_WRITE_MUL_FACTOR){
                                                                       ^~
FFT_Butterfly_Axi_Lite_selftest.c:36:6: warning: unused variable 'Index' [-Wunused-variable]
  int Index;
      ^~~~~
"Running Make libs in microblaze_0/libsrc/standalone_v6_8/src"
make -C microblaze_0/libsrc/standalone_v6_8/src -s libs  "SHELL=CMD" "COMPILER=mb-gcc" "ARCHIVER=mb-ar" "COMPILER_FLAGS=  -O2 -c -mcpu=v11.0 -mlittle-endian -mxl-soft-mul" "EXTRA_COMPILER_FLAGS=-ffunction-sections -fdata-sections -Wall -Wextra"
"Compiling standalone";
inbyte.c: In function 'inbyte':
inbyte.c:11:1: warning: control reaches end of non-void function [-Wreturn-type]
 }
 ^
outbyte.c: In function 'outbyte':
outbyte.c:11:19: warning: unused parameter 'c' [-Wunused-parameter]
 void outbyte(char c) {
                   ^
microblaze_sleep.c:77:9: note: #pragma message: For the sleep routines, assembly instructions are used
 #pragma message ("For the sleep routines, assembly instructions are used")
         ^~~~~~~
'Finished building libraries'
11:46:09 **** Build of project fft_butt_zynq_app_bsp ****
make -k all 
"Running Make include in ps7_cortexa9_0/libsrc/coresightps_dcc_v1_4/src"
make -C ps7_cortexa9_0/libsrc/coresightps_dcc_v1_4/src -s include  "SHELL=CMD" "COMPILER=arm-none-eabi-gcc" "ARCHIVER=arm-none-eabi-ar" "COMPILER_FLAGS=  -O2 -c" "EXTRA_COMPILER_FLAGS=-mcpu=cortex-a9 -mfpu=vfpv3 -mfloat-abi=hard -nostartfiles -g -Wall -Wextra"
"Running Make include in ps7_cortexa9_0/libsrc/cpu_cortexa9_v2_7/src"
make -C ps7_cortexa9_0/libsrc/cpu_cortexa9_v2_7/src -s include  "SHELL=CMD" "COMPILER=arm-none-eabi-gcc" "ARCHIVER=arm-none-eabi-ar" "COMPILER_FLAGS=  -O2 -c" "EXTRA_COMPILER_FLAGS=-mcpu=cortex-a9 -mfpu=vfpv3 -mfloat-abi=hard -nostartfiles -g -Wall -Wextra"
"Running Make include in ps7_cortexa9_0/libsrc/ddrps_v1_0/src"
make -C ps7_cortexa9_0/libsrc/ddrps_v1_0/src -s include  "SHELL=CMD" "COMPILER=arm-none-eabi-gcc" "ARCHIVER=arm-none-eabi-ar" "COMPILER_FLAGS=  -O2 -c" "EXTRA_COMPILER_FLAGS=-mcpu=cortex-a9 -mfpu=vfpv3 -mfloat-abi=hard -nostartfiles -g -Wall -Wextra"
"Running Make include in ps7_cortexa9_0/libsrc/devcfg_v3_5/src"
make -C ps7_cortexa9_0/libsrc/devcfg_v3_5/src -s include  "SHELL=CMD" "COMPILER=arm-none-eabi-gcc" "ARCHIVER=arm-none-eabi-ar" "COMPILER_FLAGS=  -O2 -c" "EXTRA_COMPILER_FLAGS=-mcpu=cortex-a9 -mfpu=vfpv3 -mfloat-abi=hard -nostartfiles -g -Wall -Wextra"
"Running Make include in ps7_cortexa9_0/libsrc/dmaps_v2_4/src"
make -C ps7_cortexa9_0/libsrc/dmaps_v2_4/src -s include  "SHELL=CMD" "COMPILER=arm-none-eabi-gcc" "ARCHIVER=arm-none-eabi-ar" "COMPILER_FLAGS=  -O2 -c" "EXTRA_COMPILER_FLAGS=-mcpu=cortex-a9 -mfpu=vfpv3 -mfloat-abi=hard -nostartfiles -g -Wall -Wextra"
"Running Make include in ps7_cortexa9_0/libsrc/emacps_v3_8/src"
make -C ps7_cortexa9_0/libsrc/emacps_v3_8/src -s include  "SHELL=CMD" "COMPILER=arm-none-eabi-gcc" "ARCHIVER=arm-none-eabi-ar" "COMPILER_FLAGS=  -O2 -c" "EXTRA_COMPILER_FLAGS=-mcpu=cortex-a9 -mfpu=vfpv3 -mfloat-abi=hard -nostartfiles -g -Wall -Wextra"
"Running Make include in ps7_cortexa9_0/libsrc/FFT_Butterfly_Axi_Lite_v1_0/src"
make -C ps7_cortexa9_0/libsrc/FFT_Butterfly_Axi_Lite_v1_0/src -s include  "SHELL=CMD" "COMPILER=arm-none-eabi-gcc" "ARCHIVER=arm-none-eabi-ar" "COMPILER_FLAGS=  -O2 -c" "EXTRA_COMPILER_FLAGS=-mcpu=cortex-a9 -mfpu=vfpv3 -mfloat-abi=hard -nostartfiles -g -Wall -Wextra"
"Running Make include in ps7_cortexa9_0/libsrc/gpiops_v3_4/src"
make -C ps7_cortexa9_0/libsrc/gpiops_v3_4/src -s include  "SHELL=CMD" "COMPILER=arm-none-eabi-gcc" "ARCHIVER=arm-none-eabi-ar" "COMPILER_FLAGS=  -O2 -c" "EXTRA_COMPILER_FLAGS=-mcpu=cortex-a9 -mfpu=vfpv3 -mfloat-abi=hard -nostartfiles -g -Wall -Wextra"
"Running Make include in ps7_cortexa9_0/libsrc/qspips_v3_5/src"
make -C ps7_cortexa9_0/libsrc/qspips_v3_5/src -s include  "SHELL=CMD" "COMPILER=arm-none-eabi-gcc" "ARCHIVER=arm-none-eabi-ar" "COMPILER_FLAGS=  -O2 -c" "EXTRA_COMPILER_FLAGS=-mcpu=cortex-a9 -mfpu=vfpv3 -mfloat-abi=hard -nostartfiles -g -Wall -Wextra"
"Running Make include in ps7_cortexa9_0/libsrc/scugic_v3_10/src"
make -C ps7_cortexa9_0/libsrc/scugic_v3_10/src -s include  "SHELL=CMD" "COMPILER=arm-none-eabi-gcc" "ARCHIVER=arm-none-eabi-ar" "COMPILER_FLAGS=  -O2 -c" "EXTRA_COMPILER_FLAGS=-mcpu=cortex-a9 -mfpu=vfpv3 -mfloat-abi=hard -nostartfiles -g -Wall -Wextra"
"Running Make include in ps7_cortexa9_0/libsrc/scutimer_v2_1/src"
make -C ps7_cortexa9_0/libsrc/scutimer_v2_1/src -s include  "SHELL=CMD" "COMPILER=arm-none-eabi-gcc" "ARCHIVER=arm-none-eabi-ar" "COMPILER_FLAGS=  -O2 -c" "EXTRA_COMPILER_FLAGS=-mcpu=cortex-a9 -mfpu=vfpv3 -mfloat-abi=hard -nostartfiles -g -Wall -Wextra"
"Running Make include in ps7_cortexa9_0/libsrc/scuwdt_v2_1/src"
make -C ps7_cortexa9_0/libsrc/scuwdt_v2_1/src -s include  "SHELL=CMD" "COMPILER=arm-none-eabi-gcc" "ARCHIVER=arm-none-eabi-ar" "COMPILER_FLAGS=  -O2 -c" "EXTRA_COMPILER_FLAGS=-mcpu=cortex-a9 -mfpu=vfpv3 -mfloat-abi=hard -nostartfiles -g -Wall -Wextra"
"Running Make include in ps7_cortexa9_0/libsrc/sdps_v3_6/src"
make -C ps7_cortexa9_0/libsrc/sdps_v3_6/src -s include  "SHELL=CMD" "COMPILER=arm-none-eabi-gcc" "ARCHIVER=arm-none-eabi-ar" "COMPILER_FLAGS=  -O2 -c" "EXTRA_COMPILER_FLAGS=-mcpu=cortex-a9 -mfpu=vfpv3 -mfloat-abi=hard -nostartfiles -g -Wall -Wextra"
"Running Make include in ps7_cortexa9_0/libsrc/standalone_v6_8/src"
make -C ps7_cortexa9_0/libsrc/standalone_v6_8/src -s include  "SHELL=CMD" "COMPILER=arm-none-eabi-gcc" "ARCHIVER=arm-none-eabi-ar" "COMPILER_FLAGS=  -O2 -c" "EXTRA_COMPILER_FLAGS=-mcpu=cortex-a9 -mfpu=vfpv3 -mfloat-abi=hard -nostartfiles -g -Wall -Wextra"
"Running Make include in ps7_cortexa9_0/libsrc/ttcps_v3_7/src"
make -C ps7_cortexa9_0/libsrc/ttcps_v3_7/src -s include  "SHELL=CMD" "COMPILER=arm-none-eabi-gcc" "ARCHIVER=arm-none-eabi-ar" "COMPILER_FLAGS=  -O2 -c" "EXTRA_COMPILER_FLAGS=-mcpu=cortex-a9 -mfpu=vfpv3 -mfloat-abi=hard -nostartfiles -g -Wall -Wextra"
"Running Make include in ps7_cortexa9_0/libsrc/uartps_v3_7/src"
make -C ps7_cortexa9_0/libsrc/uartps_v3_7/src -s include  "SHELL=CMD" "COMPILER=arm-none-eabi-gcc" "ARCHIVER=arm-none-eabi-ar" "COMPILER_FLAGS=  -O2 -c" "EXTRA_COMPILER_FLAGS=-mcpu=cortex-a9 -mfpu=vfpv3 -mfloat-abi=hard -nostartfiles -g -Wall -Wextra"
"Running Make include in ps7_cortexa9_0/libsrc/usbps_v2_4/src"
make -C ps7_cortexa9_0/libsrc/usbps_v2_4/src -s include  "SHELL=CMD" "COMPILER=arm-none-eabi-gcc" "ARCHIVER=arm-none-eabi-ar" "COMPILER_FLAGS=  -O2 -c" "EXTRA_COMPILER_FLAGS=-mcpu=cortex-a9 -mfpu=vfpv3 -mfloat-abi=hard -nostartfiles -g -Wall -Wextra"
"Running Make include in ps7_cortexa9_0/libsrc/xadcps_v2_3/src"
make -C ps7_cortexa9_0/libsrc/xadcps_v2_3/src -s include  "SHELL=CMD" "COMPILER=arm-none-eabi-gcc" "ARCHIVER=arm-none-eabi-ar" "COMPILER_FLAGS=  -O2 -c" "EXTRA_COMPILER_FLAGS=-mcpu=cortex-a9 -mfpu=vfpv3 -mfloat-abi=hard -nostartfiles -g -Wall -Wextra"
"Running Make libs in ps7_cortexa9_0/libsrc/coresightps_dcc_v1_4/src"
make -C ps7_cortexa9_0/libsrc/coresightps_dcc_v1_4/src -s libs  "SHELL=CMD" "COMPILER=arm-none-eabi-gcc" "ARCHIVER=arm-none-eabi-ar" "COMPILER_FLAGS=  -O2 -c" "EXTRA_COMPILER_FLAGS=-mcpu=cortex-a9 -mfpu=vfpv3 -mfloat-abi=hard -nostartfiles -g -Wall -Wextra"
"Compiling coresightps_dcc"
arm-none-eabi-ar: creating ../../../lib/libxil.a
"Running Make libs in ps7_cortexa9_0/libsrc/cpu_cortexa9_v2_7/src"
make -C ps7_cortexa9_0/libsrc/cpu_cortexa9_v2_7/src -s libs  "SHELL=CMD" "COMPILER=arm-none-eabi-gcc" "ARCHIVER=arm-none-eabi-ar" "COMPILER_FLAGS=  -O2 -c" "EXTRA_COMPILER_FLAGS=-mcpu=cortex-a9 -mfpu=vfpv3 -mfloat-abi=hard -nostartfiles -g -Wall -Wextra"
"Compiling cpu_cortexa9"
"Running Make libs in ps7_cortexa9_0/libsrc/ddrps_v1_0/src"
make -C ps7_cortexa9_0/libsrc/ddrps_v1_0/src -s libs  "SHELL=CMD" "COMPILER=arm-none-eabi-gcc" "ARCHIVER=arm-none-eabi-ar" "COMPILER_FLAGS=  -O2 -c" "EXTRA_COMPILER_FLAGS=-mcpu=cortex-a9 -mfpu=vfpv3 -mfloat-abi=hard -nostartfiles -g -Wall -Wextra"
"Compiling ddrps"
"Running Make libs in ps7_cortexa9_0/libsrc/devcfg_v3_5/src"
make -C ps7_cortexa9_0/libsrc/devcfg_v3_5/src -s libs  "SHELL=CMD" "COMPILER=arm-none-eabi-gcc" "ARCHIVER=arm-none-eabi-ar" "COMPILER_FLAGS=  -O2 -c" "EXTRA_COMPILER_FLAGS=-mcpu=cortex-a9 -mfpu=vfpv3 -mfloat-abi=hard -nostartfiles -g -Wall -Wextra"
"Compiling devcfg"
"Running Make libs in ps7_cortexa9_0/libsrc/dmaps_v2_4/src"
make -C ps7_cortexa9_0/libsrc/dmaps_v2_4/src -s libs  "SHELL=CMD" "COMPILER=arm-none-eabi-gcc" "ARCHIVER=arm-none-eabi-ar" "COMPILER_FLAGS=  -O2 -c" "EXTRA_COMPILER_FLAGS=-mcpu=cortex-a9 -mfpu=vfpv3 -mfloat-abi=hard -nostartfiles -g -Wall -Wextra"
"Compiling dmaps"
"Running Make libs in ps7_cortexa9_0/libsrc/emacps_v3_8/src"
make -C ps7_cortexa9_0/libsrc/emacps_v3_8/src -s libs  "SHELL=CMD" "COMPILER=arm-none-eabi-gcc" "ARCHIVER=arm-none-eabi-ar" "COMPILER_FLAGS=  -O2 -c" "EXTRA_COMPILER_FLAGS=-mcpu=cortex-a9 -mfpu=vfpv3 -mfloat-abi=hard -nostartfiles -g -Wall -Wextra"
"Compiling emacps"
"Running Make libs in ps7_cortexa9_0/libsrc/FFT_Butterfly_Axi_Lite_v1_0/src"
make -C ps7_cortexa9_0/libsrc/FFT_Butterfly_Axi_Lite_v1_0/src -s libs  "SHELL=CMD" "COMPILER=arm-none-eabi-gcc" "ARCHIVER=arm-none-eabi-ar" "COMPILER_FLAGS=  -O2 -c" "EXTRA_COMPILER_FLAGS=-mcpu=cortex-a9 -mfpu=vfpv3 -mfloat-abi=hard -nostartfiles -g -Wall -Wextra"
"Compiling FFT_Butterfly_Axi_Lite..."
FFT_Butterfly_Axi_Lite_selftest.c: In function 'FFT_BUTTERFLY_AXI_LITE_Reg_SelfTest':
FFT_Butterfly_Axi_Lite_selftest.c:52:71: warning: comparison between signed and unsigned integer expressions [-Wsign-compare]
    if ( FFT_BUTTERFLY_AXI_LITE_mReadReg (baseaddr, read_loop_index*4) != (read_loop_index+1)*READ_WRITE_MUL_FACTOR){
                                                                       ^~
FFT_Butterfly_Axi_Lite_selftest.c:36:6: warning: unused variable 'Index' [-Wunused-variable]
  int Index;
      ^~~~~
"Running Make libs in ps7_cortexa9_0/libsrc/gpiops_v3_4/src"
make -C ps7_cortexa9_0/libsrc/gpiops_v3_4/src -s libs  "SHELL=CMD" "COMPILER=arm-none-eabi-gcc" "ARCHIVER=arm-none-eabi-ar" "COMPILER_FLAGS=  -O2 -c" "EXTRA_COMPILER_FLAGS=-mcpu=cortex-a9 -mfpu=vfpv3 -mfloat-abi=hard -nostartfiles -g -Wall -Wextra"
"Compiling gpiops"
"Running Make libs in ps7_cortexa9_0/libsrc/qspips_v3_5/src"
make -C ps7_cortexa9_0/libsrc/qspips_v3_5/src -s libs  "SHELL=CMD" "COMPILER=arm-none-eabi-gcc" "ARCHIVER=arm-none-eabi-ar" "COMPILER_FLAGS=  -O2 -c" "EXTRA_COMPILER_FLAGS=-mcpu=cortex-a9 -mfpu=vfpv3 -mfloat-abi=hard -nostartfiles -g -Wall -Wextra"
"Compiling qspips"
"Running Make libs in ps7_cortexa9_0/libsrc/scugic_v3_10/src"
make -C ps7_cortexa9_0/libsrc/scugic_v3_10/src -s libs  "SHELL=CMD" "COMPILER=arm-none-eabi-gcc" "ARCHIVER=arm-none-eabi-ar" "COMPILER_FLAGS=  -O2 -c" "EXTRA_COMPILER_FLAGS=-mcpu=cortex-a9 -mfpu=vfpv3 -mfloat-abi=hard -nostartfiles -g -Wall -Wextra"
"Compiling scugic"
"Running Make libs in ps7_cortexa9_0/libsrc/scutimer_v2_1/src"
make -C ps7_cortexa9_0/libsrc/scutimer_v2_1/src -s libs  "SHELL=CMD" "COMPILER=arm-none-eabi-gcc" "ARCHIVER=arm-none-eabi-ar" "COMPILER_FLAGS=  -O2 -c" "EXTRA_COMPILER_FLAGS=-mcpu=cortex-a9 -mfpu=vfpv3 -mfloat-abi=hard -nostartfiles -g -Wall -Wextra"
"Compiling scutimer"
"Running Make libs in ps7_cortexa9_0/libsrc/scuwdt_v2_1/src"
make -C ps7_cortexa9_0/libsrc/scuwdt_v2_1/src -s libs  "SHELL=CMD" "COMPILER=arm-none-eabi-gcc" "ARCHIVER=arm-none-eabi-ar" "COMPILER_FLAGS=  -O2 -c" "EXTRA_COMPILER_FLAGS=-mcpu=cortex-a9 -mfpu=vfpv3 -mfloat-abi=hard -nostartfiles -g -Wall -Wextra"
"Compiling scuwdt"
"Running Make libs in ps7_cortexa9_0/libsrc/sdps_v3_6/src"
make -C ps7_cortexa9_0/libsrc/sdps_v3_6/src -s libs  "SHELL=CMD" "COMPILER=arm-none-eabi-gcc" "ARCHIVER=arm-none-eabi-ar" "COMPILER_FLAGS=  -O2 -c" "EXTRA_COMPILER_FLAGS=-mcpu=cortex-a9 -mfpu=vfpv3 -mfloat-abi=hard -nostartfiles -g -Wall -Wextra"
"Compiling sdps"
"Running Make libs in ps7_cortexa9_0/libsrc/standalone_v6_8/src"
make -C ps7_cortexa9_0/libsrc/standalone_v6_8/src -s libs  "SHELL=CMD" "COMPILER=arm-none-eabi-gcc" "ARCHIVER=arm-none-eabi-ar" "COMPILER_FLAGS=  -O2 -c" "EXTRA_COMPILER_FLAGS=-mcpu=cortex-a9 -mfpu=vfpv3 -mfloat-abi=hard -nostartfiles -g -Wall -Wextra"
"Compiling standalone"
In file included from usleep.c:56:0:
xtime_l.h:87:9: note: #pragma message: For the sleep routines, Global timer is being used
 #pragma message ("For the sleep routines, Global timer is being used")
         ^~~~~~~
In file included from xil_sleeptimer.c:51:0:
xtime_l.h:87:9: note: #pragma message: For the sleep routines, Global timer is being used
 #pragma message ("For the sleep routines, Global timer is being used")
         ^~~~~~~
In file included from xtime_l.c:49:0:
xtime_l.h:87:9: note: #pragma message: For the sleep routines, Global timer is being used
 #pragma message ("For the sleep routines, Global timer is being used")
         ^~~~~~~
In file included from sleep.c:53:0:
xtime_l.h:87:9: note: #pragma message: For the sleep routines, Global timer is being used
 #pragma message ("For the sleep routines, Global timer is being used")
         ^~~~~~~
"Running Make libs in ps7_cortexa9_0/libsrc/ttcps_v3_7/src"
make -C ps7_cortexa9_0/libsrc/ttcps_v3_7/src -s libs  "SHELL=CMD" "COMPILER=arm-none-eabi-gcc" "ARCHIVER=arm-none-eabi-ar" "COMPILER_FLAGS=  -O2 -c" "EXTRA_COMPILER_FLAGS=-mcpu=cortex-a9 -mfpu=vfpv3 -mfloat-abi=hard -nostartfiles -g -Wall -Wextra"
"Compiling ttcps"
"Running Make libs in ps7_cortexa9_0/libsrc/uartps_v3_7/src"
make -C ps7_cortexa9_0/libsrc/uartps_v3_7/src -s libs  "SHELL=CMD" "COMPILER=arm-none-eabi-gcc" "ARCHIVER=arm-none-eabi-ar" "COMPILER_FLAGS=  -O2 -c" "EXTRA_COMPILER_FLAGS=-mcpu=cortex-a9 -mfpu=vfpv3 -mfloat-abi=hard -nostartfiles -g -Wall -Wextra"
"Compiling uartps"
"Running Make libs in ps7_cortexa9_0/libsrc/usbps_v2_4/src"
make -C ps7_cortexa9_0/libsrc/usbps_v2_4/src -s libs  "SHELL=CMD" "COMPILER=arm-none-eabi-gcc" "ARCHIVER=arm-none-eabi-ar" "COMPILER_FLAGS=  -O2 -c" "EXTRA_COMPILER_FLAGS=-mcpu=cortex-a9 -mfpu=vfpv3 -mfloat-abi=hard -nostartfiles -g -Wall -Wextra"
"Compiling usbps"
"Running Make libs in ps7_cortexa9_0/libsrc/xadcps_v2_3/src"
make -C ps7_cortexa9_0/libsrc/xadcps_v2_3/src -s libs  "SHELL=CMD" "COMPILER=arm-none-eabi-gcc" "ARCHIVER=arm-none-eabi-ar" "COMPILER_FLAGS=  -O2 -c" "EXTRA_COMPILER_FLAGS=-mcpu=cortex-a9 -mfpu=vfpv3 -mfloat-abi=hard -nostartfiles -g -Wall -Wextra"
"Compiling xadcps"
'Finished building libraries'
11:46:31 **** Build of configuration Debug for project fft_butt_zynq_app ****
make pre-build main-build 
a9-linaro-pre-build-step
' '
'Building file: ../src/main.cc'
'Invoking: ARM v7 g++ compiler'
arm-none-eabi-g++ -Wall -O0 -g3 -c -fmessage-length=0 -MT"src/main.o" -mcpu=cortex-a9 -mfpu=vfpv3 -mfloat-abi=hard -I../../fft_butt_zynq_app_bsp/ps7_cortexa9_0/include -MMD -MP -MF"src/main.d" -MT"src/main.o" -o "src/main.o" "../src/main.cc"
'Finished building: ../src/main.cc'
' '
'Building target: fft_butt_zynq_app.elf'
'Invoking: ARM v7 g++ linker'
arm-none-eabi-g++ -mcpu=cortex-a9 -mfpu=vfpv3 -mfloat-abi=hard -Wl,-build-id=none -specs=Xilinx.spec -Wl,-T -Wl,../src/lscript.ld -L../../fft_butt_zynq_app_bsp/ps7_cortexa9_0/lib -o "fft_butt_zynq_app.elf"  ./src/main.o   -Wl,--start-group,-lxil,-lgcc,-lc,-lstdc++,--end-group
'Finished building target: fft_butt_zynq_app.elf'
' '
'Invoking: ARM v7 Print Size'
arm-none-eabi-size fft_butt_zynq_app.elf  |tee "fft_butt_zynq_app.elf.size"
   text	   data	    bss	    dec	    hex	filename
  19024	   1144	  22576	  42744	   a6f8	fft_butt_zynq_app.elf
'Finished building: fft_butt_zynq_app.elf.size'
' '
11:46:34 **** Auto Build of configuration Debug for project fft_butt_zynq_app ****
make pre-build main-build 
a9-linaro-pre-build-step
' '
make: Nothing to be done for 'main-build'.
11:46:36 **** Auto Build of configuration Debug for project fft_butt_zynq_app ****
make pre-build main-build 
a9-linaro-pre-build-step
' '
'Building file: ../src/main.cc'
'Invoking: ARM v7 g++ compiler'
arm-none-eabi-g++ -Wall -O0 -g3 -c -fmessage-length=0 -MT"src/main.o" -mcpu=cortex-a9 -mfpu=vfpv3 -mfloat-abi=hard -I../../fft_butt_zynq_app_bsp/ps7_cortexa9_0/include -MMD -MP -MF"src/main.d" -MT"src/main.o" -o "src/main.o" "../src/main.cc"
../src/main.cc: In function 'int main()':
../src/main.cc:17:6: warning: unused variable 'result' [-Wunused-variable]
  u32 result;
      ^~~~~~
'Finished building: ../src/main.cc'
' '
'Building target: fft_butt_zynq_app.elf'
'Invoking: ARM v7 g++ linker'
arm-none-eabi-g++ -mcpu=cortex-a9 -mfpu=vfpv3 -mfloat-abi=hard -Wl,-build-id=none -specs=Xilinx.spec -Wl,-T -Wl,../src/lscript.ld -L../../fft_butt_zynq_app_bsp/ps7_cortexa9_0/lib -o "fft_butt_zynq_app.elf"  ./src/main.o   -Wl,--start-group,-lxil,-lgcc,-lc,-lstdc++,--end-group
'Finished building target: fft_butt_zynq_app.elf'
' '
'Invoking: ARM v7 Print Size'
arm-none-eabi-size fft_butt_zynq_app.elf  |tee "fft_butt_zynq_app.elf.size"
   text	   data	    bss	    dec	    hex	filename
  34212	   2184	  22632	  59028	   e694	fft_butt_zynq_app.elf
'Finished building: fft_butt_zynq_app.elf.size'
' '
11:46:39 **** Incremental Build of configuration Debug for project fft_butt_zynq_app ****
make pre-build main-build 
a9-linaro-pre-build-step
' '
make: Nothing to be done for 'main-build'.
11:47:20 **** Incremental Build of configuration Debug for project fft_butt_zynq_app ****
make pre-build main-build 
a9-linaro-pre-build-step
' '
make: Nothing to be done for 'main-build'.
11:47:39 **** Auto Build of configuration Debug for project fft_butt_zynq_app ****
make pre-build main-build 
a9-linaro-pre-build-step
' '
'Building file: ../src/main.cc'
'Invoking: ARM v7 g++ compiler'
arm-none-eabi-g++ -Wall -O0 -g3 -c -fmessage-length=0 -MT"src/main.o" -mcpu=cortex-a9 -mfpu=vfpv3 -mfloat-abi=hard -I../../fft_butt_zynq_app_bsp/ps7_cortexa9_0/include -MMD -MP -MF"src/main.d" -MT"src/main.o" -o "src/main.o" "../src/main.cc"
../src/main.cc: In function 'int main()':
../src/main.cc:17:6: warning: unused variable 'result' [-Wunused-variable]
  u32 result;
      ^~~~~~
'Finished building: ../src/main.cc'
' '
'Building target: fft_butt_zynq_app.elf'
'Invoking: ARM v7 g++ linker'
arm-none-eabi-g++ -mcpu=cortex-a9 -mfpu=vfpv3 -mfloat-abi=hard -Wl,-build-id=none -specs=Xilinx.spec -Wl,-T -Wl,../src/lscript.ld -L../../fft_butt_zynq_app_bsp/ps7_cortexa9_0/lib -o "fft_butt_zynq_app.elf"  ./src/main.o   -Wl,--start-group,-lxil,-lgcc,-lc,-lstdc++,--end-group
'Finished building target: fft_butt_zynq_app.elf'
' '
'Invoking: ARM v7 Print Size'
arm-none-eabi-size fft_butt_zynq_app.elf  |tee "fft_butt_zynq_app.elf.size"
   text	   data	    bss	    dec	    hex	filename
  34280	   2184	  22632	  59096	   e6d8	fft_butt_zynq_app.elf
'Finished building: fft_butt_zynq_app.elf.size'
' '
11:47:40 **** Incremental Build of configuration Debug for project FFT_Butterfly_Microblaze_App ****
make all 
'Building file: ../src/main.c'
'Invoking: MicroBlaze gcc compiler'
mb-gcc -Wall -O0 -g3 -c -fmessage-length=0 -MT"src/main.o" -I../../FFT_Butterfly_Microblaze_App_bsp/microblaze_0/include -mlittle-endian -mcpu=v11.0 -mxl-soft-mul -Wl,--no-relax -ffunction-sections -fdata-sections -MMD -MP -MF"src/main.d" -MT"src/main.o" -o "src/main.o" "../src/main.c"
../src/main.c: In function 'main':
../src/main.c:19:10: warning: variable 'Data_Output' set but not used [-Wunused-but-set-variable]
  int32_t Data_Output[16];
          ^~~~~~~~~~~
../src/main.c:17:6: warning: unused variable 'result' [-Wunused-variable]
  u32 result;
      ^~~~~~
'Finished building: ../src/main.c'
' '
'Building target: FFT_Butterfly_Microblaze_App.elf'
'Invoking: MicroBlaze gcc linker'
mb-gcc -Wl,-T -Wl,../src/lscript.ld -L../../FFT_Butterfly_Microblaze_App_bsp/microblaze_0/lib -mlittle-endian -mcpu=v11.0 -mxl-soft-mul -Wl,--no-relax -Wl,--gc-sections -o "FFT_Butterfly_Microblaze_App.elf"  ./src/main.o   
'Finished building target: FFT_Butterfly_Microblaze_App.elf'
' '
'Invoking: MicroBlaze Print Size'
mb-size FFT_Butterfly_Microblaze_App.elf  |tee "FFT_Butterfly_Microblaze_App.elf.size"
   text	   data	    bss	    dec	    hex	filename
   2448	    268	   3108	   5824	   16c0	FFT_Butterfly_Microblaze_App.elf
'Finished building: FFT_Butterfly_Microblaze_App.elf.size'
' '
11:47:42 **** Incremental Build of configuration Debug for project fft_butt_zynq_app ****
make pre-build main-build 
a9-linaro-pre-build-step
' '
make: Nothing to be done for 'main-build'.
11:47:45 **** Incremental Build of configuration Debug for project fft_butt_zynq_app ****
make pre-build main-build 
a9-linaro-pre-build-step
' '
make: Nothing to be done for 'main-build'.
11:50:46 **** Auto Build of configuration Debug for project fft_butt_zynq_app ****
make pre-build main-build 
a9-linaro-pre-build-step
' '
'Building file: ../src/main.cc'
'Invoking: ARM v7 g++ compiler'
arm-none-eabi-g++ -Wall -O0 -g3 -c -fmessage-length=0 -MT"src/main.o" -mcpu=cortex-a9 -mfpu=vfpv3 -mfloat-abi=hard -I../../fft_butt_zynq_app_bsp/ps7_cortexa9_0/include -MMD -MP -MF"src/main.d" -MT"src/main.o" -o "src/main.o" "../src/main.cc"
../src/main.cc: In function 'int main()':
../src/main.cc:17:6: warning: unused variable 'result' [-Wunused-variable]
  u32 result;
      ^~~~~~
'Finished building: ../src/main.cc'
' '
'Building target: fft_butt_zynq_app.elf'
'Invoking: ARM v7 g++ linker'
arm-none-eabi-g++ -mcpu=cortex-a9 -mfpu=vfpv3 -mfloat-abi=hard -Wl,-build-id=none -specs=Xilinx.spec -Wl,-T -Wl,../src/lscript.ld -L../../fft_butt_zynq_app_bsp/ps7_cortexa9_0/lib -o "fft_butt_zynq_app.elf"  ./src/main.o   -Wl,--start-group,-lxil,-lgcc,-lc,-lstdc++,--end-group
'Finished building target: fft_butt_zynq_app.elf'
' '
'Invoking: ARM v7 Print Size'
arm-none-eabi-size fft_butt_zynq_app.elf  |tee "fft_butt_zynq_app.elf.size"
   text	   data	    bss	    dec	    hex	filename
  34284	   2184	  22632	  59100	   e6dc	fft_butt_zynq_app.elf
'Finished building: fft_butt_zynq_app.elf.size'
' '
11:50:53 **** Incremental Build of configuration Debug for project fft_butt_zynq_app ****
make pre-build main-build 
a9-linaro-pre-build-step
' '
make: Nothing to be done for 'main-build'.
11:51:51 **** Incremental Build of configuration Debug for project fft_butt_zynq_app ****
make pre-build main-build 
a9-linaro-pre-build-step
' '
'Building file: ../src/main.cc'
'Invoking: ARM v7 g++ compiler'
arm-none-eabi-g++ -Wall -O0 -g3 -c -fmessage-length=0 -MT"src/main.o" -mcpu=cortex-a9 -mfpu=vfpv3 -mfloat-abi=hard -I../../fft_butt_zynq_app_bsp/ps7_cortexa9_0/include -MMD -MP -MF"src/main.d" -MT"src/main.o" -o "src/main.o" "../src/main.cc"
../src/main.cc: In function 'int main()':
../src/main.cc:17:6: warning: unused variable 'result' [-Wunused-variable]
  u32 result;
      ^~~~~~
'Finished building: ../src/main.cc'
' '
'Building target: fft_butt_zynq_app.elf'
'Invoking: ARM v7 g++ linker'
arm-none-eabi-g++ -mcpu=cortex-a9 -mfpu=vfpv3 -mfloat-abi=hard -Wl,-build-id=none -specs=Xilinx.spec -Wl,-T -Wl,../src/lscript.ld -L../../fft_butt_zynq_app_bsp/ps7_cortexa9_0/lib -o "fft_butt_zynq_app.elf"  ./src/main.o   -Wl,--start-group,-lxil,-lgcc,-lc,-lstdc++,--end-group
'Finished building target: fft_butt_zynq_app.elf'
' '
'Invoking: ARM v7 Print Size'
arm-none-eabi-size fft_butt_zynq_app.elf  |tee "fft_butt_zynq_app.elf.size"
   text	   data	    bss	    dec	    hex	filename
  34284	   2184	  22632	  59100	   e6dc	fft_butt_zynq_app.elf
'Finished building: fft_butt_zynq_app.elf.size'
' '
11:52:37 **** Auto Build of configuration Debug for project fft_butt_zynq_app ****
make pre-build main-build 
a9-linaro-pre-build-step
' '
'Building file: ../src/main.cc'
'Invoking: ARM v7 g++ compiler'
arm-none-eabi-g++ -Wall -O0 -g3 -c -fmessage-length=0 -MT"src/main.o" -mcpu=cortex-a9 -mfpu=vfpv3 -mfloat-abi=hard -I../../fft_butt_zynq_app_bsp/ps7_cortexa9_0/include -MMD -MP -MF"src/main.d" -MT"src/main.o" -o "src/main.o" "../src/main.cc"
../src/main.cc: In function 'int main()':
../src/main.cc:17:6: warning: unused variable 'result' [-Wunused-variable]
  u32 result;
      ^~~~~~
'Finished building: ../src/main.cc'
' '
'Building target: fft_butt_zynq_app.elf'
'Invoking: ARM v7 g++ linker'
arm-none-eabi-g++ -mcpu=cortex-a9 -mfpu=vfpv3 -mfloat-abi=hard -Wl,-build-id=none -specs=Xilinx.spec -Wl,-T -Wl,../src/lscript.ld -L../../fft_butt_zynq_app_bsp/ps7_cortexa9_0/lib -o "fft_butt_zynq_app.elf"  ./src/main.o   -Wl,--start-group,-lxil,-lgcc,-lc,-lstdc++,--end-group
'Finished building target: fft_butt_zynq_app.elf'
' '
'Invoking: ARM v7 Print Size'
arm-none-eabi-size fft_butt_zynq_app.elf  |tee "fft_butt_zynq_app.elf.size"
   text	   data	    bss	    dec	    hex	filename
  34284	   2184	  22632	  59100	   e6dc	fft_butt_zynq_app.elf
'Finished building: fft_butt_zynq_app.elf.size'
' '
11:52:40 **** Incremental Build of configuration Debug for project fft_butt_zynq_app ****
make pre-build main-build 
a9-linaro-pre-build-step
' '
make: Nothing to be done for 'main-build'.
11:54:50 **** Auto Build of configuration Debug for project fft_butt_zynq_app ****
make pre-build main-build 
a9-linaro-pre-build-step
' '
'Building file: ../src/main.cc'
'Invoking: ARM v7 g++ compiler'
arm-none-eabi-g++ -Wall -O0 -g3 -c -fmessage-length=0 -MT"src/main.o" -mcpu=cortex-a9 -mfpu=vfpv3 -mfloat-abi=hard -I../../fft_butt_zynq_app_bsp/ps7_cortexa9_0/include -MMD -MP -MF"src/main.d" -MT"src/main.o" -o "src/main.o" "../src/main.cc"
../src/main.cc: In function 'int main()':
../src/main.cc:18:6: warning: unused variable 'result' [-Wunused-variable]
  u32 result;
      ^~~~~~
'Finished building: ../src/main.cc'
' '
'Building target: fft_butt_zynq_app.elf'
'Invoking: ARM v7 g++ linker'
arm-none-eabi-g++ -mcpu=cortex-a9 -mfpu=vfpv3 -mfloat-abi=hard -Wl,-build-id=none -specs=Xilinx.spec -Wl,-T -Wl,../src/lscript.ld -L../../fft_butt_zynq_app_bsp/ps7_cortexa9_0/lib -o "fft_butt_zynq_app.elf"  ./src/main.o   -Wl,--start-group,-lxil,-lgcc,-lc,-lstdc++,--end-group
'Finished building target: fft_butt_zynq_app.elf'
' '
'Invoking: ARM v7 Print Size'
arm-none-eabi-size fft_butt_zynq_app.elf  |tee "fft_butt_zynq_app.elf.size"
   text	   data	    bss	    dec	    hex	filename
  39181	   2185	  22632	  63998	   f9fe	fft_butt_zynq_app.elf
'Finished building: fft_butt_zynq_app.elf.size'
' '
11:54:53 **** Incremental Build of configuration Debug for project fft_butt_zynq_app ****
make pre-build main-build 
a9-linaro-pre-build-step
' '
make: Nothing to be done for 'main-build'.
11:55:47 **** Incremental Build of configuration Debug for project fft_butt_zynq_app ****
make pre-build main-build 
a9-linaro-pre-build-step
' '
'Building file: ../src/main.cc'
'Invoking: ARM v7 g++ compiler'
arm-none-eabi-g++ -Wall -O0 -g3 -c -fmessage-length=0 -MT"src/main.o" -mcpu=cortex-a9 -mfpu=vfpv3 -mfloat-abi=hard -I../../fft_butt_zynq_app_bsp/ps7_cortexa9_0/include -MMD -MP -MF"src/main.d" -MT"src/main.o" -o "src/main.o" "../src/main.cc"
../src/main.cc: In function 'int main()':
../src/main.cc:18:6: warning: unused variable 'result' [-Wunused-variable]
  u32 result;
      ^~~~~~
'Finished building: ../src/main.cc'
' '
'Building target: fft_butt_zynq_app.elf'
'Invoking: ARM v7 g++ linker'
arm-none-eabi-g++ -mcpu=cortex-a9 -mfpu=vfpv3 -mfloat-abi=hard -Wl,-build-id=none -specs=Xilinx.spec -Wl,-T -Wl,../src/lscript.ld -L../../fft_butt_zynq_app_bsp/ps7_cortexa9_0/lib -o "fft_butt_zynq_app.elf"  ./src/main.o   -Wl,--start-group,-lxil,-lgcc,-lc,-lstdc++,--end-group
'Finished building target: fft_butt_zynq_app.elf'
' '
'Invoking: ARM v7 Print Size'
arm-none-eabi-size fft_butt_zynq_app.elf  |tee "fft_butt_zynq_app.elf.size"
   text	   data	    bss	    dec	    hex	filename
  39181	   2185	  22632	  63998	   f9fe	fft_butt_zynq_app.elf
'Finished building: fft_butt_zynq_app.elf.size'
' '
11:58:01 **** Auto Build of configuration Debug for project fft_butt_zynq_app ****
make pre-build main-build 
a9-linaro-pre-build-step
' '
'Building file: ../src/main.cc'
'Invoking: ARM v7 g++ compiler'
arm-none-eabi-g++ -Wall -O0 -g3 -c -fmessage-length=0 -MT"src/main.o" -mcpu=cortex-a9 -mfpu=vfpv3 -mfloat-abi=hard -I../../fft_butt_zynq_app_bsp/ps7_cortexa9_0/include -MMD -MP -MF"src/main.d" -MT"src/main.o" -o "src/main.o" "../src/main.cc"
../src/main.cc: In function 'int main()':
../src/main.cc:18:6: warning: unused variable 'result' [-Wunused-variable]
  u32 result;
      ^~~~~~
../src/main.cc:20:8: warning: unused variable 'valf' [-Wunused-variable]
  float valf, val2f;
        ^~~~
../src/main.cc:20:14: warning: variable 'val2f' set but not used [-Wunused-but-set-variable]
  float valf, val2f;
              ^~~~~
'Finished building: ../src/main.cc'
' '
'Building target: fft_butt_zynq_app.elf'
'Invoking: ARM v7 g++ linker'
arm-none-eabi-g++ -mcpu=cortex-a9 -mfpu=vfpv3 -mfloat-abi=hard -Wl,-build-id=none -specs=Xilinx.spec -Wl,-T -Wl,../src/lscript.ld -L../../fft_butt_zynq_app_bsp/ps7_cortexa9_0/lib -o "fft_butt_zynq_app.elf"  ./src/main.o   -Wl,--start-group,-lxil,-lgcc,-lc,-lstdc++,--end-group
'Finished building target: fft_butt_zynq_app.elf'
' '
'Invoking: ARM v7 Print Size'
arm-none-eabi-size fft_butt_zynq_app.elf  |tee "fft_butt_zynq_app.elf.size"
   text	   data	    bss	    dec	    hex	filename
  39189	   2185	  22632	  64006	   fa06	fft_butt_zynq_app.elf
'Finished building: fft_butt_zynq_app.elf.size'
' '
11:58:04 **** Incremental Build of configuration Debug for project fft_butt_zynq_app ****
make pre-build main-build 
a9-linaro-pre-build-step
' '
make: Nothing to be done for 'main-build'.
11:58:29 **** Auto Build of configuration Debug for project fft_butt_zynq_app ****
make pre-build main-build 
a9-linaro-pre-build-step
' '
'Building file: ../src/main.cc'
'Invoking: ARM v7 g++ compiler'
arm-none-eabi-g++ -Wall -O0 -g3 -c -fmessage-length=0 -MT"src/main.o" -mcpu=cortex-a9 -mfpu=vfpv3 -mfloat-abi=hard -I../../fft_butt_zynq_app_bsp/ps7_cortexa9_0/include -MMD -MP -MF"src/main.d" -MT"src/main.o" -o "src/main.o" "../src/main.cc"
../src/main.cc: In function 'int main()':
../src/main.cc:18:6: warning: unused variable 'result' [-Wunused-variable]
  u32 result;
      ^~~~~~
../src/main.cc:20:8: warning: unused variable 'valf' [-Wunused-variable]
  float valf, val2f;
        ^~~~
'Finished building: ../src/main.cc'
' '
'Building target: fft_butt_zynq_app.elf'
'Invoking: ARM v7 g++ linker'
arm-none-eabi-g++ -mcpu=cortex-a9 -mfpu=vfpv3 -mfloat-abi=hard -Wl,-build-id=none -specs=Xilinx.spec -Wl,-T -Wl,../src/lscript.ld -L../../fft_butt_zynq_app_bsp/ps7_cortexa9_0/lib -o "fft_butt_zynq_app.elf"  ./src/main.o   -Wl,--start-group,-lxil,-lgcc,-lc,-lstdc++,--end-group
'Finished building target: fft_butt_zynq_app.elf'
' '
'Invoking: ARM v7 Print Size'
arm-none-eabi-size fft_butt_zynq_app.elf  |tee "fft_butt_zynq_app.elf.size"
   text	   data	    bss	    dec	    hex	filename
  39189	   2185	  22632	  64006	   fa06	fft_butt_zynq_app.elf
'Finished building: fft_butt_zynq_app.elf.size'
' '
11:58:31 **** Incremental Build of configuration Debug for project fft_butt_zynq_app ****
make pre-build main-build 
a9-linaro-pre-build-step
' '
make: Nothing to be done for 'main-build'.
12:06:33 **** Auto Build of configuration Debug for project fft_butt_zynq_app ****
make pre-build main-build 
a9-linaro-pre-build-step
' '
'Building file: ../src/main.cc'
'Invoking: ARM v7 g++ compiler'
arm-none-eabi-g++ -Wall -O0 -g3 -c -fmessage-length=0 -MT"src/main.o" -mcpu=cortex-a9 -mfpu=vfpv3 -mfloat-abi=hard -I../../fft_butt_zynq_app_bsp/ps7_cortexa9_0/include -MMD -MP -MF"src/main.d" -MT"src/main.o" -o "src/main.o" "../src/main.cc"
../src/main.cc: In function 'int main()':
../src/main.cc:18:6: warning: unused variable 'result' [-Wunused-variable]
  u32 result;
      ^~~~~~
../src/main.cc:20:8: warning: unused variable 'valf' [-Wunused-variable]
  float valf, val2f;
        ^~~~
../src/main.cc:20:14: warning: unused variable 'val2f' [-Wunused-variable]
  float valf, val2f;
              ^~~~~
../src/main.cc:21:10: warning: unused variable 'div' [-Wunused-variable]
  int32_t div = pow(2, 10);
          ^~~
'Finished building: ../src/main.cc'
' '
'Building target: fft_butt_zynq_app.elf'
'Invoking: ARM v7 g++ linker'
arm-none-eabi-g++ -mcpu=cortex-a9 -mfpu=vfpv3 -mfloat-abi=hard -Wl,-build-id=none -specs=Xilinx.spec -Wl,-T -Wl,../src/lscript.ld -L../../fft_butt_zynq_app_bsp/ps7_cortexa9_0/lib -o "fft_butt_zynq_app.elf"  ./src/main.o   -Wl,--start-group,-lxil,-lgcc,-lc,-lstdc++,--end-group
'Finished building target: fft_butt_zynq_app.elf'
' '
'Invoking: ARM v7 Print Size'
arm-none-eabi-size fft_butt_zynq_app.elf  |tee "fft_butt_zynq_app.elf.size"
   text	   data	    bss	    dec	    hex	filename
  39181	   2185	  22632	  63998	   f9fe	fft_butt_zynq_app.elf
'Finished building: fft_butt_zynq_app.elf.size'
' '
15:29:28 **** Incremental Build of configuration Debug for project fft_butt_zynq_app ****
make pre-build main-build 
a9-linaro-pre-build-step
' '
make: Nothing to be done for 'main-build'.
15:30:19 **** Auto Build of configuration Debug for project fft_butt_zynq_app ****
make pre-build main-build 
a9-linaro-pre-build-step
' '
'Building file: ../src/main.cc'
'Invoking: ARM v7 g++ compiler'
arm-none-eabi-g++ -Wall -O0 -g3 -c -fmessage-length=0 -MT"src/main.o" -mcpu=cortex-a9 -mfpu=vfpv3 -mfloat-abi=hard -I../../fft_butt_zynq_app_bsp/ps7_cortexa9_0/include -MMD -MP -MF"src/main.d" -MT"src/main.o" -o "src/main.o" "../src/main.cc"
../src/main.cc: In function 'int main()':
../src/main.cc:18:6: warning: unused variable 'result' [-Wunused-variable]
  u32 result;
      ^~~~~~
../src/main.cc:20:8: warning: unused variable 'valf' [-Wunused-variable]
  float valf, val2f;
        ^~~~
../src/main.cc:20:14: warning: unused variable 'val2f' [-Wunused-variable]
  float valf, val2f;
              ^~~~~
../src/main.cc:21:10: warning: unused variable 'div' [-Wunused-variable]
  int32_t div = pow(2, 10);
          ^~~
'Finished building: ../src/main.cc'
' '
'Building target: fft_butt_zynq_app.elf'
'Invoking: ARM v7 g++ linker'
arm-none-eabi-g++ -mcpu=cortex-a9 -mfpu=vfpv3 -mfloat-abi=hard -Wl,-build-id=none -specs=Xilinx.spec -Wl,-T -Wl,../src/lscript.ld -L../../fft_butt_zynq_app_bsp/ps7_cortexa9_0/lib -o "fft_butt_zynq_app.elf"  ./src/main.o   -Wl,--start-group,-lxil,-lgcc,-lc,-lstdc++,--end-group
'Finished building target: fft_butt_zynq_app.elf'
' '
'Invoking: ARM v7 Print Size'
arm-none-eabi-size fft_butt_zynq_app.elf  |tee "fft_butt_zynq_app.elf.size"
   text	   data	    bss	    dec	    hex	filename
  39173	   2185	  22632	  63990	   f9f6	fft_butt_zynq_app.elf
'Finished building: fft_butt_zynq_app.elf.size'
' '
15:30:21 **** Auto Build of configuration Debug for project fft_butt_zynq_app ****
make pre-build main-build 
a9-linaro-pre-build-step
' '
'Building file: ../src/main.cc'
'Invoking: ARM v7 g++ compiler'
arm-none-eabi-g++ -Wall -O0 -g3 -c -fmessage-length=0 -MT"src/main.o" -mcpu=cortex-a9 -mfpu=vfpv3 -mfloat-abi=hard -I../../fft_butt_zynq_app_bsp/ps7_cortexa9_0/include -MMD -MP -MF"src/main.d" -MT"src/main.o" -o "src/main.o" "../src/main.cc"
../src/main.cc: In function 'int main()':
../src/main.cc:18:6: warning: unused variable 'result' [-Wunused-variable]
  u32 result;
      ^~~~~~
../src/main.cc:20:8: warning: unused variable 'valf' [-Wunused-variable]
  float valf, val2f;
        ^~~~
../src/main.cc:20:14: warning: unused variable 'val2f' [-Wunused-variable]
  float valf, val2f;
              ^~~~~
../src/main.cc:21:10: warning: unused variable 'div' [-Wunused-variable]
  int32_t div = pow(2, 10);
          ^~~
'Finished building: ../src/main.cc'
' '
'Building target: fft_butt_zynq_app.elf'
'Invoking: ARM v7 g++ linker'
arm-none-eabi-g++ -mcpu=cortex-a9 -mfpu=vfpv3 -mfloat-abi=hard -Wl,-build-id=none -specs=Xilinx.spec -Wl,-T -Wl,../src/lscript.ld -L../../fft_butt_zynq_app_bsp/ps7_cortexa9_0/lib -o "fft_butt_zynq_app.elf"  ./src/main.o   -Wl,--start-group,-lxil,-lgcc,-lc,-lstdc++,--end-group
'Finished building target: fft_butt_zynq_app.elf'
' '
'Invoking: ARM v7 Print Size'
arm-none-eabi-size fft_butt_zynq_app.elf  |tee "fft_butt_zynq_app.elf.size"
   text	   data	    bss	    dec	    hex	filename
  39173	   2185	  22632	  63990	   f9f6	fft_butt_zynq_app.elf
'Finished building: fft_butt_zynq_app.elf.size'
' '
15:30:35 **** Incremental Build of configuration Debug for project fft_butt_zynq_app ****
make pre-build main-build 
a9-linaro-pre-build-step
' '
make: Nothing to be done for 'main-build'.
15:30:58 **** Auto Build of configuration Debug for project fft_butt_zynq_app ****
make pre-build main-build 
a9-linaro-pre-build-step
' '
'Building file: ../src/main.cc'
'Invoking: ARM v7 g++ compiler'
arm-none-eabi-g++ -Wall -O0 -g3 -c -fmessage-length=0 -MT"src/main.o" -mcpu=cortex-a9 -mfpu=vfpv3 -mfloat-abi=hard -I../../fft_butt_zynq_app_bsp/ps7_cortexa9_0/include -MMD -MP -MF"src/main.d" -MT"src/main.o" -o "src/main.o" "../src/main.cc"
../src/main.cc: In function 'int main()':
../src/main.cc:18:6: warning: unused variable 'result' [-Wunused-variable]
  u32 result;
      ^~~~~~
../src/main.cc:20:8: warning: unused variable 'valf' [-Wunused-variable]
  float valf, val2f;
        ^~~~
../src/main.cc:20:14: warning: unused variable 'val2f' [-Wunused-variable]
  float valf, val2f;
              ^~~~~
../src/main.cc:21:10: warning: unused variable 'div' [-Wunused-variable]
  int32_t div = pow(2, 10);
          ^~~
'Finished building: ../src/main.cc'
' '
'Building target: fft_butt_zynq_app.elf'
'Invoking: ARM v7 g++ linker'
arm-none-eabi-g++ -mcpu=cortex-a9 -mfpu=vfpv3 -mfloat-abi=hard -Wl,-build-id=none -specs=Xilinx.spec -Wl,-T -Wl,../src/lscript.ld -L../../fft_butt_zynq_app_bsp/ps7_cortexa9_0/lib -o "fft_butt_zynq_app.elf"  ./src/main.o   -Wl,--start-group,-lxil,-lgcc,-lc,-lstdc++,--end-group
'Finished building target: fft_butt_zynq_app.elf'
' '
'Invoking: ARM v7 Print Size'
arm-none-eabi-size fft_butt_zynq_app.elf  |tee "fft_butt_zynq_app.elf.size"
   text	   data	    bss	    dec	    hex	filename
  39181	   2185	  22632	  63998	   f9fe	fft_butt_zynq_app.elf
'Finished building: fft_butt_zynq_app.elf.size'
' '
15:31:00 **** Incremental Build of configuration Debug for project fft_butt_zynq_app ****
make pre-build main-build 
a9-linaro-pre-build-step
' '
make: Nothing to be done for 'main-build'.
15:31:18 **** Auto Build of configuration Debug for project fft_butt_zynq_app ****
make pre-build main-build 
a9-linaro-pre-build-step
' '
'Building file: ../src/main.cc'
'Invoking: ARM v7 g++ compiler'
arm-none-eabi-g++ -Wall -O0 -g3 -c -fmessage-length=0 -MT"src/main.o" -mcpu=cortex-a9 -mfpu=vfpv3 -mfloat-abi=hard -I../../fft_butt_zynq_app_bsp/ps7_cortexa9_0/include -MMD -MP -MF"src/main.d" -MT"src/main.o" -o "src/main.o" "../src/main.cc"
../src/main.cc: In function 'int main()':
../src/main.cc:18:6: warning: unused variable 'result' [-Wunused-variable]
  u32 result;
      ^~~~~~
../src/main.cc:20:8: warning: unused variable 'valf' [-Wunused-variable]
  float valf, val2f;
        ^~~~
../src/main.cc:20:14: warning: unused variable 'val2f' [-Wunused-variable]
  float valf, val2f;
              ^~~~~
../src/main.cc:21:10: warning: unused variable 'div' [-Wunused-variable]
  int32_t div = pow(2, 10);
          ^~~
'Finished building: ../src/main.cc'
' '
'Building target: fft_butt_zynq_app.elf'
'Invoking: ARM v7 g++ linker'
arm-none-eabi-g++ -mcpu=cortex-a9 -mfpu=vfpv3 -mfloat-abi=hard -Wl,-build-id=none -specs=Xilinx.spec -Wl,-T -Wl,../src/lscript.ld -L../../fft_butt_zynq_app_bsp/ps7_cortexa9_0/lib -o "fft_butt_zynq_app.elf"  ./src/main.o   -Wl,--start-group,-lxil,-lgcc,-lc,-lstdc++,--end-group
'Finished building target: fft_butt_zynq_app.elf'
' '
'Invoking: ARM v7 Print Size'
arm-none-eabi-size fft_butt_zynq_app.elf  |tee "fft_butt_zynq_app.elf.size"
   text	   data	    bss	    dec	    hex	filename
  39181	   2185	  22632	  63998	   f9fe	fft_butt_zynq_app.elf
'Finished building: fft_butt_zynq_app.elf.size'
' '
15:31:48 **** Auto Build of configuration Debug for project fft_butt_zynq_app ****
make pre-build main-build 
a9-linaro-pre-build-step
' '
'Building file: ../src/main.cc'
'Invoking: ARM v7 g++ compiler'
arm-none-eabi-g++ -Wall -O0 -g3 -c -fmessage-length=0 -MT"src/main.o" -mcpu=cortex-a9 -mfpu=vfpv3 -mfloat-abi=hard -I../../fft_butt_zynq_app_bsp/ps7_cortexa9_0/include -MMD -MP -MF"src/main.d" -MT"src/main.o" -o "src/main.o" "../src/main.cc"
../src/main.cc: In function 'int main()':
../src/main.cc:18:6: warning: unused variable 'result' [-Wunused-variable]
  u32 result;
      ^~~~~~
../src/main.cc:20:8: warning: unused variable 'valf' [-Wunused-variable]
  float valf, val2f;
        ^~~~
../src/main.cc:20:14: warning: unused variable 'val2f' [-Wunused-variable]
  float valf, val2f;
              ^~~~~
../src/main.cc:21:10: warning: unused variable 'div' [-Wunused-variable]
  int32_t div = pow(2, 10);
          ^~~
'Finished building: ../src/main.cc'
' '
'Building target: fft_butt_zynq_app.elf'
'Invoking: ARM v7 g++ linker'
arm-none-eabi-g++ -mcpu=cortex-a9 -mfpu=vfpv3 -mfloat-abi=hard -Wl,-build-id=none -specs=Xilinx.spec -Wl,-T -Wl,../src/lscript.ld -L../../fft_butt_zynq_app_bsp/ps7_cortexa9_0/lib -o "fft_butt_zynq_app.elf"  ./src/main.o   -Wl,--start-group,-lxil,-lgcc,-lc,-lstdc++,--end-group
'Finished building target: fft_butt_zynq_app.elf'
' '
'Invoking: ARM v7 Print Size'
arm-none-eabi-size fft_butt_zynq_app.elf  |tee "fft_butt_zynq_app.elf.size"
   text	   data	    bss	    dec	    hex	filename
  39189	   2185	  22632	  64006	   fa06	fft_butt_zynq_app.elf
'Finished building: fft_butt_zynq_app.elf.size'
' '
15:31:59 **** Incremental Build of configuration Debug for project fft_butt_zynq_app ****
make pre-build main-build 
a9-linaro-pre-build-step
' '
make: Nothing to be done for 'main-build'.
15:32:39 **** Auto Build of configuration Debug for project fft_butt_zynq_app ****
make pre-build main-build 
a9-linaro-pre-build-step
' '
'Building file: ../src/main.cc'
'Invoking: ARM v7 g++ compiler'
arm-none-eabi-g++ -Wall -O0 -g3 -c -fmessage-length=0 -MT"src/main.o" -mcpu=cortex-a9 -mfpu=vfpv3 -mfloat-abi=hard -I../../fft_butt_zynq_app_bsp/ps7_cortexa9_0/include -MMD -MP -MF"src/main.d" -MT"src/main.o" -o "src/main.o" "../src/main.cc"
../src/main.cc: In function 'int main()':
../src/main.cc:42:2: error: expected ';' before 'for'
  for (int i = 0; i <= 15; i++){
  ^~~
../src/main.cc:42:18: error: 'i' was not declared in this scope
  for (int i = 0; i <= 15; i++){
                  ^
../src/main.cc:18:6: warning: unused variable 'result' [-Wunused-variable]
  u32 result;
      ^~~~~~
../src/main.cc:19:15: warning: unused variable 'val2' [-Wunused-variable]
  int32_t val, val2;
               ^~~~
../src/main.cc:20:8: warning: unused variable 'valf' [-Wunused-variable]
  float valf, val2f;
        ^~~~
../src/main.cc:20:14: warning: unused variable 'val2f' [-Wunused-variable]
  float valf, val2f;
              ^~~~~
../src/main.cc:21:10: warning: unused variable 'div' [-Wunused-variable]
  int32_t div = pow(2, 10);
          ^~~
make: *** [src/subdir.mk:23: src/main.o] Error 1
15:32:42 **** Auto Build of configuration Debug for project fft_butt_zynq_app ****
make pre-build main-build 
a9-linaro-pre-build-step
' '
'Building file: ../src/main.cc'
'Invoking: ARM v7 g++ compiler'
arm-none-eabi-g++ -Wall -O0 -g3 -c -fmessage-length=0 -MT"src/main.o" -mcpu=cortex-a9 -mfpu=vfpv3 -mfloat-abi=hard -I../../fft_butt_zynq_app_bsp/ps7_cortexa9_0/include -MMD -MP -MF"src/main.d" -MT"src/main.o" -o "src/main.o" "../src/main.cc"
../src/main.cc: In function 'int main()':
../src/main.cc:18:6: warning: unused variable 'result' [-Wunused-variable]
  u32 result;
      ^~~~~~
../src/main.cc:20:8: warning: unused variable 'valf' [-Wunused-variable]
  float valf, val2f;
        ^~~~
../src/main.cc:20:14: warning: unused variable 'val2f' [-Wunused-variable]
  float valf, val2f;
              ^~~~~
../src/main.cc:21:10: warning: unused variable 'div' [-Wunused-variable]
  int32_t div = pow(2, 10);
          ^~~
'Finished building: ../src/main.cc'
' '
'Building target: fft_butt_zynq_app.elf'
'Invoking: ARM v7 g++ linker'
arm-none-eabi-g++ -mcpu=cortex-a9 -mfpu=vfpv3 -mfloat-abi=hard -Wl,-build-id=none -specs=Xilinx.spec -Wl,-T -Wl,../src/lscript.ld -L../../fft_butt_zynq_app_bsp/ps7_cortexa9_0/lib -o "fft_butt_zynq_app.elf"  ./src/main.o   -Wl,--start-group,-lxil,-lgcc,-lc,-lstdc++,--end-group
'Finished building target: fft_butt_zynq_app.elf'
' '
'Invoking: ARM v7 Print Size'
arm-none-eabi-size fft_butt_zynq_app.elf  |tee "fft_butt_zynq_app.elf.size"
   text	   data	    bss	    dec	    hex	filename
  39205	   2185	  22632	  64022	   fa16	fft_butt_zynq_app.elf
'Finished building: fft_butt_zynq_app.elf.size'
' '
15:32:44 **** Incremental Build of configuration Debug for project fft_butt_zynq_app ****
make pre-build main-build 
a9-linaro-pre-build-step
' '
make: Nothing to be done for 'main-build'.
